<?xml version="1.0" encoding="UTF-8" ?>
<testsuite tests="13" failures="0" name="geniusweb.exampleparties.randomparty.RandomPartyTest" time="0.24" errors="2" skipped="0">
  <properties>
[...]
</properties>
  <testcase classname="geniusweb.exampleparties.randomparty.RandomPartyTest" name="smokeTest" time="0.165"/>
  <testcase classname="geniusweb.exampleparties.randomparty.RandomPartyTest" name="testInformSettings" time="0.021"/>
  <testcase classname="geniusweb.exampleparties.randomparty.RandomPartyTest" name="testInformAndConnection" time="0.001"/>
  <testcase classname="geniusweb.exampleparties.randomparty.RandomPartyTest" name="testGetCapabilities" time="0.001"/>
  <testcase classname="geniusweb.exampleparties.randomparty.RandomPartyTest" name="testAgentLogsFinal" time="0.021"/>
  <testcase classname="geniusweb.exampleparties.randomparty.RandomPartyTest" name="getDescriptionTest" time="0"/>
  <testcase classname="geniusweb.exampleparties.randomparty.RandomPartyTest" name="testAgentsUpdatesSAOPProgress" time="0.009">
    <error message="Failed to handle info" type="java.lang.RuntimeException">java.lang.RuntimeException: Failed to handle info
	at collabai.group19.Group19Party.notifyChange(Group19Party.java:148)
	at geniusweb.exampleparties.randomparty.RandomPartyTest.testAgentsUpdatesSAOPProgress(RandomPartyTest.java:187)
	at sun.reflect.NativeMethodAccessorImpl.invoke0(Native Method)
	at sun.reflect.NativeMethodAccessorImpl.invoke(NativeMethodAccessorImpl.java:62)
	at sun.reflect.DelegatingMethodAccessorImpl.invoke(DelegatingMethodAccessorImpl.java:43)
	at java.lang.reflect.Method.invoke(Method.java:498)
	at org.junit.runners.model.FrameworkMethod$1.runReflectiveCall(FrameworkMethod.java:50)
	at org.junit.internal.runners.model.ReflectiveCallable.run(ReflectiveCallable.java:12)
	at org.junit.runners.model.FrameworkMethod.invokeExplosively(FrameworkMethod.java:47)
	at org.junit.internal.runners.statements.InvokeMethod.evaluate(InvokeMethod.java:17)
	at org.junit.internal.runners.statements.RunBefores.evaluate(RunBefores.java:26)
	at org.junit.runners.ParentRunner.runLeaf(ParentRunner.java:325)
	at org.junit.runners.BlockJUnit4ClassRunner.runChild(BlockJUnit4ClassRunner.java:78)
	at org.junit.runners.BlockJUnit4ClassRunner.runChild(BlockJUnit4ClassRunner.java:57)
	at org.junit.runners.ParentRunner$3.run(ParentRunner.java:290)
	at org.junit.runners.ParentRunner$1.schedule(ParentRunner.java:71)
	at org.junit.runners.ParentRunner.runChildren(ParentRunner.java:288)
	at org.junit.runners.ParentRunner.access$000(ParentRunner.java:58)
	at org.junit.runners.ParentRunner$2.evaluate(ParentRunner.java:268)
	at org.junit.runners.ParentRunner.run(ParentRunner.java:363)
	at org.apache.maven.surefire.junit4.JUnit4Provider.execute(JUnit4Provider.java:252)
	at org.apache.maven.surefire.junit4.JUnit4Provider.executeTestSet(JUnit4Provider.java:141)
	at org.apache.maven.surefire.junit4.JUnit4Provider.invoke(JUnit4Provider.java:112)
	at sun.reflect.NativeMethodAccessorImpl.invoke0(Native Method)
	at sun.reflect.NativeMethodAccessorImpl.invoke(NativeMethodAccessorImpl.java:62)
	at sun.reflect.DelegatingMethodAccessorImpl.invoke(DelegatingMethodAccessorImpl.java:43)
	at java.lang.reflect.Method.invoke(Method.java:498)
	at org.apache.maven.surefire.util.ReflectionUtils.invokeMethodWithArray(ReflectionUtils.java:189)
	at org.apache.maven.surefire.booter.ProviderFactory$ProviderProxy.invoke(ProviderFactory.java:165)
	at org.apache.maven.surefire.booter.ProviderFactory.invokeProvider(ProviderFactory.java:85)
	at org.apache.maven.surefire.booter.ForkedBooter.runSuitesInProcess(ForkedBooter.java:115)
	at org.apache.maven.surefire.booter.ForkedBooter.main(ForkedBooter.java:75)
Caused by: java.lang.NullPointerException
	at geniusweb.issuevalue.Domain.isComplete(Domain.java:82)
	at geniusweb.opponentmodel.FrequencyOpponentModel.getUtility(FrequencyOpponentModel.java:89)
	at collabai.group19.Group19Party.updateThreshold(Group19Party.java:288)
	at collabai.group19.Group19Party.makeOffer(Group19Party.java:208)
	at collabai.group19.Group19Party.notifyChange(Group19Party.java:137)
	... 31 more
</error>
    <system-out>&gt;&gt;issue2 weigh t : 0.4
&gt;&gt;issue1 weigh t : 0.6
 utility( &quot;issue1value2&quot;)= 0.8
 utility( &quot;issue1value1&quot;)= 0.2
</system-out>
  </testcase>
  <testcase classname="geniusweb.exampleparties.randomparty.RandomPartyTest" name="testOtherWalksAway" time="0.001"/>
  <testcase classname="geniusweb.exampleparties.randomparty.RandomPartyTest" name="testAgentHasFirstTurn" time="0.002">
    <error message="Failed to handle info" type="java.lang.RuntimeException">java.lang.RuntimeException: Failed to handle info
	at collabai.group19.Group19Party.notifyChange(Group19Party.java:148)
	at geniusweb.exampleparties.randomparty.RandomPartyTest.testAgentHasFirstTurn(RandomPartyTest.java:149)
	at sun.reflect.NativeMethodAccessorImpl.invoke0(Native Method)
	at sun.reflect.NativeMethodAccessorImpl.invoke(NativeMethodAccessorImpl.java:62)
	at sun.reflect.DelegatingMethodAccessorImpl.invoke(DelegatingMethodAccessorImpl.java:43)
	at java.lang.reflect.Method.invoke(Method.java:498)
	at org.junit.runners.model.FrameworkMethod$1.runReflectiveCall(FrameworkMethod.java:50)
	at org.junit.internal.runners.model.ReflectiveCallable.run(ReflectiveCallable.java:12)
	at org.junit.runners.model.FrameworkMethod.invokeExplosively(FrameworkMethod.java:47)
	at org.junit.internal.runners.statements.InvokeMethod.evaluate(InvokeMethod.java:17)
	at org.junit.internal.runners.statements.RunBefores.evaluate(RunBefores.java:26)
	at org.junit.runners.ParentRunner.runLeaf(ParentRunner.java:325)
	at org.junit.runners.BlockJUnit4ClassRunner.runChild(BlockJUnit4ClassRunner.java:78)
	at org.junit.runners.BlockJUnit4ClassRunner.runChild(BlockJUnit4ClassRunner.java:57)
	at org.junit.runners.ParentRunner$3.run(ParentRunner.java:290)
	at org.junit.runners.ParentRunner$1.schedule(ParentRunner.java:71)
	at org.junit.runners.ParentRunner.runChildren(ParentRunner.java:288)
	at org.junit.runners.ParentRunner.access$000(ParentRunner.java:58)
	at org.junit.runners.ParentRunner$2.evaluate(ParentRunner.java:268)
	at org.junit.runners.ParentRunner.run(ParentRunner.java:363)
	at org.apache.maven.surefire.junit4.JUnit4Provider.execute(JUnit4Provider.java:252)
	at org.apache.maven.surefire.junit4.JUnit4Provider.executeTestSet(JUnit4Provider.java:141)
	at org.apache.maven.surefire.junit4.JUnit4Provider.invoke(JUnit4Provider.java:112)
	at sun.reflect.NativeMethodAccessorImpl.invoke0(Native Method)
	at sun.reflect.NativeMethodAccessorImpl.invoke(NativeMethodAccessorImpl.java:62)
	at sun.reflect.DelegatingMethodAccessorImpl.invoke(DelegatingMethodAccessorImpl.java:43)
	at java.lang.reflect.Method.invoke(Method.java:498)
	at org.apache.maven.surefire.util.ReflectionUtils.invokeMethodWithArray(ReflectionUtils.java:189)
	at org.apache.maven.surefire.booter.ProviderFactory$ProviderProxy.invoke(ProviderFactory.java:165)
	at org.apache.maven.surefire.booter.ProviderFactory.invokeProvider(ProviderFactory.java:85)
	at org.apache.maven.surefire.booter.ForkedBooter.runSuitesInProcess(ForkedBooter.java:115)
	at org.apache.maven.surefire.booter.ForkedBooter.main(ForkedBooter.java:75)
Caused by: java.lang.NullPointerException
	at geniusweb.issuevalue.Domain.isComplete(Domain.java:82)
	at geniusweb.opponentmodel.FrequencyOpponentModel.getUtility(FrequencyOpponentModel.java:89)
	at collabai.group19.Group19Party.updateThreshold(Group19Party.java:288)
	at collabai.group19.Group19Party.makeOffer(Group19Party.java:208)
	at collabai.group19.Group19Party.notifyChange(Group19Party.java:137)
	... 31 more
</error>
    <system-out>&gt;&gt;issue2 weigh t : 0.4
&gt;&gt;issue1 weigh t : 0.6
 utility( &quot;issue1value2&quot;)= 0.8
 utility( &quot;issue1value1&quot;)= 0.2
</system-out>
  </testcase>
  <testcase classname="geniusweb.exampleparties.randomparty.RandomPartyTest" name="testAgentAccepts" time="0.008"/>
  <testcase classname="geniusweb.exampleparties.randomparty.RandomPartyTest" name="testInformConnection" time="0"/>
  <testcase classname="geniusweb.exampleparties.randomparty.RandomPartyTest" name="testVoting" time="0.01"/>
  <testcase classname="geniusweb.exampleparties.randomparty.RandomPartyTest" name="getCapabilitiesTest" time="0.001"/>
</testsuite>